<?xml version="1.0" encoding="UTF-8"?>
<testsuite name="com.kataplanitlla.kata.controllers.UserControllerTest" tests="1" skipped="0" failures="0" errors="0" timestamp="2021-12-28T17:14:02" hostname="ip-10-214-2-159.us-west-2.compute.internal" time="0.474">
  <properties/>
  <testcase name="getTestUnit5()" classname="com.kataplanitlla.kata.controllers.UserControllerTest" time="0.474"/>
  <system-out><![CDATA[12:13:59.005 [Test worker] DEBUG org.springframework.test.context.BootstrapUtils - Instantiating CacheAwareContextLoaderDelegate from class [org.springframework.test.context.cache.DefaultCacheAwareContextLoaderDelegate]
12:13:59.016 [Test worker] DEBUG org.springframework.test.context.BootstrapUtils - Instantiating BootstrapContext using constructor [public org.springframework.test.context.support.DefaultBootstrapContext(java.lang.Class,org.springframework.test.context.CacheAwareContextLoaderDelegate)]
12:13:59.049 [Test worker] DEBUG org.springframework.test.context.BootstrapUtils - Instantiating TestContextBootstrapper for test class [com.kataplanitlla.kata.controllers.UserControllerTest] from class [org.springframework.boot.test.context.SpringBootTestContextBootstrapper]
12:13:59.060 [Test worker] INFO org.springframework.boot.test.context.SpringBootTestContextBootstrapper - Neither @ContextConfiguration nor @ContextHierarchy found for test class [com.kataplanitlla.kata.controllers.UserControllerTest], using SpringBootContextLoader
12:13:59.063 [Test worker] DEBUG org.springframework.test.context.support.AbstractContextLoader - Did not detect default resource location for test class [com.kataplanitlla.kata.controllers.UserControllerTest]: class path resource [com/kataplanitlla/kata/controllers/UserControllerTest-context.xml] does not exist
12:13:59.064 [Test worker] DEBUG org.springframework.test.context.support.AbstractContextLoader - Did not detect default resource location for test class [com.kataplanitlla.kata.controllers.UserControllerTest]: class path resource [com/kataplanitlla/kata/controllers/UserControllerTestContext.groovy] does not exist
12:13:59.064 [Test worker] INFO org.springframework.test.context.support.AbstractContextLoader - Could not detect default resource locations for test class [com.kataplanitlla.kata.controllers.UserControllerTest]: no resource found for suffixes {-context.xml, Context.groovy}.
12:13:59.065 [Test worker] INFO org.springframework.test.context.support.AnnotationConfigContextLoaderUtils - Could not detect default configuration classes for test class [com.kataplanitlla.kata.controllers.UserControllerTest]: UserControllerTest does not declare any static, non-private, non-final, nested classes annotated with @Configuration.
12:13:59.176 [Test worker] DEBUG org.springframework.context.annotation.ClassPathScanningCandidateComponentProvider - Identified candidate component class: file [/Users/user/Desktop/Rappi/kata/build/classes/kotlin/main/com/kataplanitlla/kata/KataApplication.class]
12:13:59.177 [Test worker] INFO org.springframework.boot.test.context.SpringBootTestContextBootstrapper - Found @SpringBootConfiguration com.kataplanitlla.kata.KataApplication for test class com.kataplanitlla.kata.controllers.UserControllerTest
12:13:59.266 [Test worker] DEBUG org.springframework.boot.test.context.SpringBootTestContextBootstrapper - @TestExecutionListeners is not present for class [com.kataplanitlla.kata.controllers.UserControllerTest]: using defaults.
12:13:59.267 [Test worker] INFO org.springframework.boot.test.context.SpringBootTestContextBootstrapper - Loaded default TestExecutionListener class names from location [META-INF/spring.factories]: [org.springframework.boot.test.autoconfigure.restdocs.RestDocsTestExecutionListener, org.springframework.boot.test.autoconfigure.web.client.MockRestServiceServerResetTestExecutionListener, org.springframework.boot.test.autoconfigure.web.servlet.MockMvcPrintOnlyOnFailureTestExecutionListener, org.springframework.boot.test.autoconfigure.web.servlet.WebDriverTestExecutionListener, org.springframework.boot.test.autoconfigure.webservices.client.MockWebServiceServerTestExecutionListener, org.springframework.boot.test.mock.mockito.MockitoTestExecutionListener, org.springframework.boot.test.mock.mockito.ResetMocksTestExecutionListener, org.springframework.test.context.web.ServletTestExecutionListener, org.springframework.test.context.support.DirtiesContextBeforeModesTestExecutionListener, org.springframework.test.context.event.ApplicationEventsTestExecutionListener, org.springframework.test.context.support.DependencyInjectionTestExecutionListener, org.springframework.test.context.support.DirtiesContextTestExecutionListener, org.springframework.test.context.transaction.TransactionalTestExecutionListener, org.springframework.test.context.jdbc.SqlScriptsTestExecutionListener, org.springframework.test.context.event.EventPublishingTestExecutionListener]
12:13:59.278 [Test worker] INFO org.springframework.boot.test.context.SpringBootTestContextBootstrapper - Using TestExecutionListeners: [org.springframework.test.context.web.ServletTestExecutionListener@323e8306, org.springframework.test.context.support.DirtiesContextBeforeModesTestExecutionListener@a23a01d, org.springframework.test.context.event.ApplicationEventsTestExecutionListener@4acf72b6, org.springframework.boot.test.mock.mockito.MockitoTestExecutionListener@7561db12, org.springframework.boot.test.autoconfigure.SpringBootDependencyInjectionTestExecutionListener@3301500b, org.springframework.test.context.support.DirtiesContextTestExecutionListener@24b52d3e, org.springframework.test.context.transaction.TransactionalTestExecutionListener@15deb1dc, org.springframework.test.context.jdbc.SqlScriptsTestExecutionListener@6e9c413e, org.springframework.test.context.event.EventPublishingTestExecutionListener@57a4d5ee, org.springframework.boot.test.autoconfigure.restdocs.RestDocsTestExecutionListener@5af5def9, org.springframework.boot.test.autoconfigure.web.client.MockRestServiceServerResetTestExecutionListener@3a45c42a, org.springframework.boot.test.autoconfigure.web.servlet.MockMvcPrintOnlyOnFailureTestExecutionListener@36dce7ed, org.springframework.boot.test.autoconfigure.web.servlet.WebDriverTestExecutionListener@47a64f7d, org.springframework.boot.test.autoconfigure.webservices.client.MockWebServiceServerTestExecutionListener@33d05366, org.springframework.boot.test.mock.mockito.ResetMocksTestExecutionListener@27a0a5a2]
12:13:59.280 [Test worker] DEBUG org.springframework.test.context.support.AbstractDirtiesContextTestExecutionListener - Before test class: context [DefaultTestContext@6b739528 testClass = UserControllerTest, testInstance = [null], testMethod = [null], testException = [null], mergedContextConfiguration = [WebMergedContextConfiguration@622ef26a testClass = UserControllerTest, locations = '{}', classes = '{class com.kataplanitlla.kata.KataApplication}', contextInitializerClasses = '[]', activeProfiles = '{test}', propertySourceLocations = '{}', propertySourceProperties = '{org.springframework.boot.test.context.SpringBootTestContextBootstrapper=true}', contextCustomizers = set[org.springframework.boot.test.autoconfigure.actuate.metrics.MetricsExportContextCustomizerFactory$DisableMetricExportContextCustomizer@2b5825fa, org.springframework.boot.test.autoconfigure.properties.PropertyMappingContextCustomizer@4b3fa0b3, org.springframework.boot.test.autoconfigure.web.servlet.WebDriverContextCustomizerFactory$Customizer@79145d5a, [ImportsContextCustomizer@41de5768 key = [org.springframework.boot.test.autoconfigure.web.servlet.MockMvcAutoConfiguration, org.springframework.boot.test.autoconfigure.web.servlet.MockMvcWebClientAutoConfiguration, org.springframework.boot.test.autoconfigure.web.servlet.MockMvcWebDriverAutoConfiguration, org.springframework.boot.autoconfigure.security.oauth2.client.servlet.OAuth2ClientAutoConfiguration, org.springframework.boot.autoconfigure.security.oauth2.resource.servlet.OAuth2ResourceServerAutoConfiguration, org.springframework.boot.autoconfigure.security.servlet.SecurityAutoConfiguration, org.springframework.boot.autoconfigure.security.servlet.SecurityFilterAutoConfiguration, org.springframework.boot.autoconfigure.security.servlet.UserDetailsServiceAutoConfiguration, org.springframework.boot.test.autoconfigure.web.servlet.MockMvcSecurityConfiguration, org.springframework.boot.test.autoconfigure.web.reactive.WebTestClientAutoConfiguration]], org.springframework.boot.test.context.filter.ExcludeFilterContextCustomizer@75ed9710, org.springframework.boot.test.json.DuplicateJsonObjectContextCustomizerFactory$DuplicateJsonObjectContextCustomizer@609640d5, org.springframework.boot.test.mock.mockito.MockitoContextCustomizer@0, org.springframework.boot.test.web.client.TestRestTemplateContextCustomizer@1d8062d2, org.springframework.boot.test.context.SpringBootTestArgs@1, org.springframework.boot.test.context.SpringBootTestWebEnvironment@4c5ae43b], resourceBasePath = 'src/main/webapp', contextLoader = 'org.springframework.boot.test.context.SpringBootContextLoader', parent = [null]], attributes = map['org.springframework.test.context.web.ServletTestExecutionListener.activateListener' -> true]], class annotated with @DirtiesContext [false] with mode [null].
12:13:59.324 [Test worker] DEBUG org.springframework.boot.ApplicationServletEnvironment - Activating profiles []
12:13:59.327 [Test worker] DEBUG org.springframework.test.context.support.TestPropertySourceUtils - Adding inlined properties to environment: {spring.jmx.enabled=false, org.springframework.boot.test.context.SpringBootTestContextBootstrapper=true}

  .   ____          _            __ _ _
 /\\ / ___'_ __ _ _(_)_ __  __ _ \ \ \ \
( ( )\___ | '_ | '_| | '_ \/ _` | \ \ \ \
 \\/  ___)| |_)| | | | | || (_| |  ) ) ) )
  '  |____| .__|_| |_|_| |_\__, | / / / /
 =========|_|==============|___/=/_/_/_/
 :: Spring Boot ::                (v2.6.2)

2021-12-28 12:13:59.531  INFO 15813 --- [    Test worker] c.k.kata.controllers.UserControllerTest  : Starting UserControllerTest using Java 11.0.8 on ip-10-214-2-159.us-west-2.compute.internal with PID 15813 (started by user in /Users/user/Desktop/Rappi/kata)
2021-12-28 12:13:59.532  INFO 15813 --- [    Test worker] c.k.kata.controllers.UserControllerTest  : The following profiles are active: test
2021-12-28 12:14:00.089  INFO 15813 --- [    Test worker] .s.d.r.c.RepositoryConfigurationDelegate : Multiple Spring Data modules found, entering strict repository configuration mode!
2021-12-28 12:14:00.091  INFO 15813 --- [    Test worker] .s.d.r.c.RepositoryConfigurationDelegate : Bootstrapping Spring Data MongoDB repositories in DEFAULT mode.
2021-12-28 12:14:00.235  INFO 15813 --- [    Test worker] .s.d.r.c.RepositoryConfigurationDelegate : Finished Spring Data repository scanning in 140 ms. Found 1 MongoDB repository interfaces.
2021-12-28 12:14:00.245  INFO 15813 --- [    Test worker] .s.d.r.c.RepositoryConfigurationDelegate : Multiple Spring Data modules found, entering strict repository configuration mode!
2021-12-28 12:14:00.247  INFO 15813 --- [    Test worker] .s.d.r.c.RepositoryConfigurationDelegate : Bootstrapping Spring Data Redis repositories in DEFAULT mode.
2021-12-28 12:14:00.257  INFO 15813 --- [    Test worker] .RepositoryConfigurationExtensionSupport : Spring Data Redis - Could not safely identify store assignment for repository candidate interface com.kataplanitlla.kata.repositories.IUserCollectionsRepository. If you want this repository to be a Redis repository, consider annotating your entities with one of these annotations: org.springframework.data.redis.core.RedisHash (preferred), or consider extending one of the following types with your repository: org.springframework.data.keyvalue.repository.KeyValueRepository.
2021-12-28 12:14:00.257  INFO 15813 --- [    Test worker] .s.d.r.c.RepositoryConfigurationDelegate : Finished Spring Data repository scanning in 4 ms. Found 0 Redis repository interfaces.
2021-12-28 12:14:00.798  INFO 15813 --- [    Test worker] org.mongodb.driver.cluster               : Cluster created with settings {hosts=[localhost:2717], mode=SINGLE, requiredClusterType=UNKNOWN, serverSelectionTimeout='30000 ms'}
2021-12-28 12:14:00.875  INFO 15813 --- [-localhost:2717] org.mongodb.driver.connection            : Opened connection [connectionId{localValue:1, serverValue:19}] to localhost:2717
2021-12-28 12:14:00.875  INFO 15813 --- [-localhost:2717] org.mongodb.driver.connection            : Opened connection [connectionId{localValue:2, serverValue:18}] to localhost:2717
2021-12-28 12:14:00.876  INFO 15813 --- [-localhost:2717] org.mongodb.driver.cluster               : Monitor thread successfully connected to server with description ServerDescription{address=localhost:2717, type=STANDALONE, state=CONNECTED, ok=true, minWireVersion=0, maxWireVersion=9, maxDocumentSize=16777216, logicalSessionTimeoutMinutes=30, roundTripTimeNanos=20668879}
2021-12-28 12:14:02.645  INFO 15813 --- [    Test worker] o.s.b.t.m.w.SpringBootMockServletContext : Initializing Spring TestDispatcherServlet ''
2021-12-28 12:14:02.645  INFO 15813 --- [    Test worker] o.s.t.web.servlet.TestDispatcherServlet  : Initializing Servlet ''
2021-12-28 12:14:02.646  INFO 15813 --- [    Test worker] o.s.t.web.servlet.TestDispatcherServlet  : Completed initialization in 1 ms
2021-12-28 12:14:02.665  INFO 15813 --- [    Test worker] c.k.kata.controllers.UserControllerTest  : Started UserControllerTest in 3.336 seconds (JVM running for 4.334)

MockHttpServletRequest:
      HTTP Method = GET
      Request URI = /user/testUnit5/david
       Parameters = {age=[30]}
          Headers = [Content-Type:"application/json;charset=UTF-8"]
             Body = null
    Session Attrs = {}

Handler:
             Type = com.kataplanitlla.kata.controllers.UserController
           Method = com.kataplanitlla.kata.controllers.UserController#getTestUnit5(String, int)

Async:
    Async started = false
     Async result = null

Resolved Exception:
             Type = null

ModelAndView:
        View name = null
             View = null
            Model = null

FlashMap:
       Attributes = null

MockHttpServletResponse:
           Status = 200
    Error message = null
          Headers = [Content-Type:"text/plain;charset=UTF-8", Content-Length:"24"]
     Content type = text/plain;charset=UTF-8
             Body = Hello World david, by 30
    Forwarded URL = null
   Redirected URL = null
          Cookies = []
]]></system-out>
  <system-err><![CDATA[]]></system-err>
</testsuite>
